<?xml version="1.0" encoding="UTF-8"?>
<testng-results ignored="0" total="5" passed="3" failed="1" skipped="1">
  <reporter-output>
  </reporter-output>
  <suite started-at="2025-05-19T19:12:01 IST" name="Command line suite" finished-at="2025-05-19T19:13:38 IST" duration-ms="96906">
    <groups>
      <group name="cucumber">
        <method signature="AbstractTestNGCucumberTests.runScenario(io.cucumber.testng.PickleEventWrapper, io.cucumber.testng.CucumberFeatureWrapper)[pri:0, instance:StepDefs.RunCukesTest@2c90fba1]" name="runScenario" class="io.cucumber.testng.AbstractTestNGCucumberTests"/>
      </group> <!-- cucumber -->
    </groups>
    <test started-at="2025-05-19T19:12:01 IST" name="Command line test" finished-at="2025-05-19T19:13:38 IST" duration-ms="96906">
      <class name="StepDefs.RunCukesTest">
        <test-method is-config="true" signature="setUpClass()[pri:0, instance:StepDefs.RunCukesTest@2c90fba1]" started-at="2025-05-19T19:12:01 IST" name="setUpClass" finished-at="2025-05-19T19:12:03 IST" duration-ms="1325" status="PASS">
          <reporter-output>
          </reporter-output>
        </test-method> <!-- setUpClass -->
        <test-method is-config="true" signature="preset()[pri:0, instance:StepDefs.RunCukesTest@2c90fba1]" started-at="2025-05-19T19:12:03 IST" name="preset" finished-at="2025-05-19T19:12:03 IST" duration-ms="16" status="PASS">
          <reporter-output>
          </reporter-output>
        </test-method> <!-- preset -->
        <test-method signature="runScenario(io.cucumber.testng.PickleEventWrapper, io.cucumber.testng.CucumberFeatureWrapper)[pri:0, instance:StepDefs.RunCukesTest@2c90fba1]" started-at="2025-05-19T19:12:03 IST" name="runScenario" description="Runs Cucumber Scenarios" data-provider="scenarios" finished-at="2025-05-19T19:12:41 IST" duration-ms="37613" status="PASS">
          <params>
            <param index="0">
              <value>
                <![CDATA["Verify upload resume and Update Account"]]>
              </value>
            </param>
            <param index="1">
              <value>
                <![CDATA["Verify Update Naukri Application"]]>
              </value>
            </param>
          </params>
          <reporter-output>
          </reporter-output>
        </test-method> <!-- runScenario -->
        <test-method signature="runScenario(io.cucumber.testng.PickleEventWrapper, io.cucumber.testng.CucumberFeatureWrapper)[pri:0, instance:StepDefs.RunCukesTest@2c90fba1]" started-at="2025-05-19T19:12:41 IST" name="runScenario" description="Runs Cucumber Scenarios" data-provider="scenarios" finished-at="2025-05-19T19:12:58 IST" duration-ms="17031" status="PASS">
          <params>
            <param index="0">
              <value>
                <![CDATA["Verify UpdateResume Headline And Update Account"]]>
              </value>
            </param>
            <param index="1">
              <value>
                <![CDATA["Verify Update Naukri Application"]]>
              </value>
            </param>
          </params>
          <reporter-output>
          </reporter-output>
        </test-method> <!-- runScenario -->
        <test-method signature="runScenario(io.cucumber.testng.PickleEventWrapper, io.cucumber.testng.CucumberFeatureWrapper)[pri:0, instance:StepDefs.RunCukesTest@2c90fba1]" started-at="2025-05-19T19:12:58 IST" name="runScenario" description="Runs Cucumber Scenarios" data-provider="scenarios" finished-at="2025-05-19T19:13:11 IST" duration-ms="13188" status="PASS">
          <params>
            <param index="0">
              <value>
                <![CDATA["Verify UpdateResume Headline Take screenshot And Update Account"]]>
              </value>
            </param>
            <param index="1">
              <value>
                <![CDATA["Verify Update Naukri Application"]]>
              </value>
            </param>
          </params>
          <reporter-output>
          </reporter-output>
        </test-method> <!-- runScenario -->
        <test-method signature="runScenario(io.cucumber.testng.PickleEventWrapper, io.cucumber.testng.CucumberFeatureWrapper)[pri:0, instance:StepDefs.RunCukesTest@2c90fba1]" started-at="2025-05-19T19:13:11 IST" name="runScenario" description="Runs Cucumber Scenarios" data-provider="scenarios" finished-at="2025-05-19T19:13:26 IST" duration-ms="14507" status="FAIL">
          <params>
            <param index="0">
              <value>
                <![CDATA["Verify Employment Experience And Update Account"]]>
              </value>
            </param>
            <param index="1">
              <value>
                <![CDATA["Verify Update Naukri Application"]]>
              </value>
            </param>
          </params>
          <exception class="org.openqa.selenium.ElementClickInterceptedException">
            <message>
              <![CDATA[element click intercepted: Element <img alt="naukri user profile img" class="nI-gNb-icon-img" src="https://media.naukri.com/media/jphotov1/l244%253ALukcMT663AMdH7CxGUUCbZ4ywn4pbMU6g1s37Wf7BpZo6ntiS5lwIR2ko4s%253D"> is not clickable at point (1209, 37). Other element would receive the click: <div class="ltLayer open" style="z-index: 1002;"></div>
  (Session info: chrome=136.0.7103.114)
Build info: version: '4.21.0', revision: '79ed462ef4'
System info: os.name: 'Windows 10', os.arch: 'amd64', os.version: '10.0', java.version: '17.0.1'
Driver info: org.openqa.selenium.chrome.ChromeDriver
Command: [deafe1674f4b05a59f744f0b26dc3e68, clickElement {id=f.17172D4A4E9DBC4E7A2B737CA896C8AE.d.F227FA74F0FC999D8E327EDC9CCF1503.e.121}]
Capabilities {acceptInsecureCerts: false, browserName: chrome, browserVersion: 136.0.7103.114, chrome: {chromedriverVersion: 136.0.7103.94 (fa0be0b33deb..., userDataDir: C:\Users\Sujith\AppData\Loc...}, fedcm:accounts: true, goog:chromeOptions: {debuggerAddress: localhost:51635}, networkConnectionEnabled: false, pageLoadStrategy: normal, platformName: windows, proxy: Proxy(), se:cdp: ws://localhost:51635/devtoo..., se:cdpVersion: 136.0.7103.114, setWindowRect: true, strictFileInteractability: false, timeouts: {implicit: 0, pageLoad: 300000, script: 30000}, unhandledPromptBehavior: dismiss and notify, webauthn:extension:credBlob: true, webauthn:extension:largeBlob: true, webauthn:extension:minPinLength: true, webauthn:extension:prf: true, webauthn:virtualAuthenticators: true}
Element: [[ChromeDriver: chrome on windows (deafe1674f4b05a59f744f0b26dc3e68)] -> xpath: //img[@alt='naukri user profile img']]
Session ID: deafe1674f4b05a59f744f0b26dc3e68]]>
            </message>
            <full-stacktrace>
              <![CDATA[org.openqa.selenium.ElementClickInterceptedException: element click intercepted: Element <img alt="naukri user profile img" class="nI-gNb-icon-img" src="https://media.naukri.com/media/jphotov1/l244%253ALukcMT663AMdH7CxGUUCbZ4ywn4pbMU6g1s37Wf7BpZo6ntiS5lwIR2ko4s%253D"> is not clickable at point (1209, 37). Other element would receive the click: <div class="ltLayer open" style="z-index: 1002;"></div>
  (Session info: chrome=136.0.7103.114)
Build info: version: '4.21.0', revision: '79ed462ef4'
System info: os.name: 'Windows 10', os.arch: 'amd64', os.version: '10.0', java.version: '17.0.1'
Driver info: org.openqa.selenium.chrome.ChromeDriver
Command: [deafe1674f4b05a59f744f0b26dc3e68, clickElement {id=f.17172D4A4E9DBC4E7A2B737CA896C8AE.d.F227FA74F0FC999D8E327EDC9CCF1503.e.121}]
Capabilities {acceptInsecureCerts: false, browserName: chrome, browserVersion: 136.0.7103.114, chrome: {chromedriverVersion: 136.0.7103.94 (fa0be0b33deb..., userDataDir: C:\Users\Sujith\AppData\Loc...}, fedcm:accounts: true, goog:chromeOptions: {debuggerAddress: localhost:51635}, networkConnectionEnabled: false, pageLoadStrategy: normal, platformName: windows, proxy: Proxy(), se:cdp: ws://localhost:51635/devtoo..., se:cdpVersion: 136.0.7103.114, setWindowRect: true, strictFileInteractability: false, timeouts: {implicit: 0, pageLoad: 300000, script: 30000}, unhandledPromptBehavior: dismiss and notify, webauthn:extension:credBlob: true, webauthn:extension:largeBlob: true, webauthn:extension:minPinLength: true, webauthn:extension:prf: true, webauthn:virtualAuthenticators: true}
Element: [[ChromeDriver: chrome on windows (deafe1674f4b05a59f744f0b26dc3e68)] -> xpath: //img[@alt='naukri user profile img']]
Session ID: deafe1674f4b05a59f744f0b26dc3e68
at java.base/jdk.internal.reflect.NativeConstructorAccessorImpl.newInstance0(Native Method)
at java.base/jdk.internal.reflect.NativeConstructorAccessorImpl.newInstance(NativeConstructorAccessorImpl.java:77)
at java.base/jdk.internal.reflect.DelegatingConstructorAccessorImpl.newInstance(DelegatingConstructorAccessorImpl.java:45)
at java.base/java.lang.reflect.Constructor.newInstanceWithCaller(Constructor.java:499)
at java.base/java.lang.reflect.Constructor.newInstance(Constructor.java:480)
at org.openqa.selenium.remote.ErrorCodec.decode(ErrorCodec.java:167)
at org.openqa.selenium.remote.codec.w3c.W3CHttpResponseCodec.decode(W3CHttpResponseCodec.java:138)
at org.openqa.selenium.remote.codec.w3c.W3CHttpResponseCodec.decode(W3CHttpResponseCodec.java:50)
at org.openqa.selenium.remote.HttpCommandExecutor.execute(HttpCommandExecutor.java:190)
at org.openqa.selenium.remote.service.DriverCommandExecutor.invokeExecute(DriverCommandExecutor.java:216)
at org.openqa.selenium.remote.service.DriverCommandExecutor.execute(DriverCommandExecutor.java:174)
at org.openqa.selenium.remote.RemoteWebDriver.execute(RemoteWebDriver.java:518)
at org.openqa.selenium.remote.RemoteWebElement.execute(RemoteWebElement.java:223)
at org.openqa.selenium.remote.RemoteWebElement.click(RemoteWebElement.java:76)
at Pages.LogoutPage.userprofile(LogoutPage.java:21)
at StepDefs.services.CreateAccountSteps.shouldSeeAccountCreatedSuccessfully(CreateAccountSteps.java:69)
at ✽.should Logout Profile successfully(file:src/test/java/features/services/Naukri/UpdateAccount.feature:41)
]]>
            </full-stacktrace>
          </exception> <!-- org.openqa.selenium.ElementClickInterceptedException -->
          <reporter-output>
          </reporter-output>
        </test-method> <!-- runScenario -->
        <test-method signature="runScenario(io.cucumber.testng.PickleEventWrapper, io.cucumber.testng.CucumberFeatureWrapper)[pri:0, instance:StepDefs.RunCukesTest@2c90fba1]" started-at="2025-05-19T19:13:26 IST" name="runScenario" description="Runs Cucumber Scenarios" data-provider="scenarios" finished-at="2025-05-19T19:13:37 IST" duration-ms="11351" status="SKIP">
          <params>
            <param index="0">
              <value>
                <![CDATA["Verify Applied jobs count"]]>
              </value>
            </param>
            <param index="1">
              <value>
                <![CDATA["Verify Update Naukri Application"]]>
              </value>
            </param>
          </params>
          <exception class="org.testng.SkipException">
            <message>
              <![CDATA[There are undefined steps]]>
            </message>
            <full-stacktrace>
              <![CDATA[org.testng.SkipException: There are undefined steps
at io.cucumber.testng.TestCaseResultListener.getError(TestCaseResultListener.java:60)
at io.cucumber.testng.TestNGCucumberRunner.runScenario(TestNGCucumberRunner.java:83)
at io.cucumber.testng.AbstractTestNGCucumberTests.runScenario(AbstractTestNGCucumberTests.java:24)
at java.base/jdk.internal.reflect.NativeMethodAccessorImpl.invoke0(Native Method)
at java.base/jdk.internal.reflect.NativeMethodAccessorImpl.invoke(NativeMethodAccessorImpl.java:77)
at java.base/jdk.internal.reflect.DelegatingMethodAccessorImpl.invoke(DelegatingMethodAccessorImpl.java:43)
at java.base/java.lang.reflect.Method.invoke(Method.java:568)
at org.testng.internal.MethodInvocationHelper.invokeMethod(MethodInvocationHelper.java:134)
at org.testng.internal.TestInvoker.invokeMethod(TestInvoker.java:597)
at org.testng.internal.TestInvoker.invokeTestMethod(TestInvoker.java:173)
at org.testng.internal.MethodRunner.runInSequence(MethodRunner.java:46)
at org.testng.internal.TestInvoker$MethodInvocationAgent.invoke(TestInvoker.java:816)
at org.testng.internal.TestInvoker.invokeTestMethods(TestInvoker.java:146)
at org.testng.internal.TestMethodWorker.invokeTestMethods(TestMethodWorker.java:146)
at org.testng.internal.TestMethodWorker.run(TestMethodWorker.java:128)
at java.base/java.util.ArrayList.forEach(ArrayList.java:1511)
at org.testng.TestRunner.privateRun(TestRunner.java:766)
at org.testng.TestRunner.run(TestRunner.java:587)
at org.testng.SuiteRunner.runTest(SuiteRunner.java:384)
at org.testng.SuiteRunner.runSequentially(SuiteRunner.java:378)
at org.testng.SuiteRunner.privateRun(SuiteRunner.java:337)
at org.testng.SuiteRunner.run(SuiteRunner.java:286)
at org.testng.SuiteRunnerWorker.runSuite(SuiteRunnerWorker.java:53)
at org.testng.SuiteRunnerWorker.run(SuiteRunnerWorker.java:96)
at org.testng.TestNG.runSuitesSequentially(TestNG.java:1187)
at org.testng.TestNG.runSuitesLocally(TestNG.java:1109)
at org.testng.TestNG.runSuites(TestNG.java:1039)
at org.testng.TestNG.run(TestNG.java:1007)
at StepDefs.MainScheduler.lambda$main$0(MainScheduler.java:46)
at java.base/java.util.concurrent.Executors$RunnableAdapter.call(Executors.java:539)
at java.base/java.util.concurrent.FutureTask.runAndReset(FutureTask.java:305)
at java.base/java.util.concurrent.ScheduledThreadPoolExecutor$ScheduledFutureTask.run(ScheduledThreadPoolExecutor.java:305)
at java.base/java.util.concurrent.ThreadPoolExecutor.runWorker(ThreadPoolExecutor.java:1136)
at java.base/java.util.concurrent.ThreadPoolExecutor$Worker.run(ThreadPoolExecutor.java:635)
at java.base/java.lang.Thread.run(Thread.java:833)
]]>
            </full-stacktrace>
          </exception> <!-- org.testng.SkipException -->
          <reporter-output>
          </reporter-output>
        </test-method> <!-- runScenario -->
        <test-method is-config="true" signature="tearDownClass()[pri:0, instance:StepDefs.RunCukesTest@2c90fba1]" started-at="2025-05-19T19:13:37 IST" name="tearDownClass" finished-at="2025-05-19T19:13:38 IST" duration-ms="1172" status="PASS">
          <reporter-output>
          </reporter-output>
        </test-method> <!-- tearDownClass -->
      </class> <!-- StepDefs.RunCukesTest -->
    </test> <!-- Command line test -->
  </suite> <!-- Command line suite -->
</testng-results>
