<?xml version="1.0" encoding="UTF-8"?>
<testng-results ignored="0" total="4" passed="4" failed="0" skipped="0">
  <reporter-output>
  </reporter-output>
  <suite started-at="2025-05-30T18:33:29 IST" name="unified-admin-suite" finished-at="2025-05-30T18:34:33 IST" duration-ms="63566">
    <groups>
      <group name="cucumber">
        <method signature="AbstractTestNGCucumberTests.runScenario(io.cucumber.testng.PickleEventWrapper, io.cucumber.testng.CucumberFeatureWrapper)[pri:0, instance:StepDefs.RunCukesTest@2c29812c]" name="runScenario" class="io.cucumber.testng.AbstractTestNGCucumberTests"/>
      </group> <!-- cucumber -->
    </groups>
    <test started-at="2025-05-30T18:33:29 IST" name="unified-parallel-via-backend" finished-at="2025-05-30T18:34:33 IST" duration-ms="63566">
      <class name="StepDefs.RunCukesTest">
        <test-method is-config="true" signature="setUpClass()[pri:0, instance:StepDefs.RunCukesTest@2c29812c]" started-at="2025-05-30T18:33:30 IST" name="setUpClass" finished-at="2025-05-30T18:33:31 IST" duration-ms="1203" status="PASS">
          <reporter-output>
          </reporter-output>
        </test-method> <!-- setUpClass -->
        <test-method is-config="true" signature="preset()[pri:0, instance:StepDefs.RunCukesTest@2c29812c]" started-at="2025-05-30T18:33:31 IST" name="preset" finished-at="2025-05-30T18:33:31 IST" duration-ms="0" status="PASS">
          <reporter-output>
          </reporter-output>
        </test-method> <!-- preset -->
        <test-method signature="runScenario(io.cucumber.testng.PickleEventWrapper, io.cucumber.testng.CucumberFeatureWrapper)[pri:0, instance:StepDefs.RunCukesTest@2c29812c]" started-at="2025-05-30T18:33:31 IST" name="runScenario" description="Runs Cucumber Scenarios" data-provider="scenarios" finished-at="2025-05-30T18:33:52 IST" duration-ms="21259" status="PASS">
          <params>
            <param index="0">
              <value>
                <![CDATA["Verify upload resume and Update Account"]]>
              </value>
            </param>
            <param index="1">
              <value>
                <![CDATA["Verify Update Naukri Application"]]>
              </value>
            </param>
          </params>
          <reporter-output>
          </reporter-output>
        </test-method> <!-- runScenario -->
        <test-method signature="runScenario(io.cucumber.testng.PickleEventWrapper, io.cucumber.testng.CucumberFeatureWrapper)[pri:0, instance:StepDefs.RunCukesTest@2c29812c]" started-at="2025-05-30T18:33:52 IST" name="runScenario" description="Runs Cucumber Scenarios" data-provider="scenarios" finished-at="2025-05-30T18:34:06 IST" duration-ms="13639" status="PASS">
          <params>
            <param index="0">
              <value>
                <![CDATA["Verify UpdateResume Headline And Update Account"]]>
              </value>
            </param>
            <param index="1">
              <value>
                <![CDATA["Verify Update Naukri Application"]]>
              </value>
            </param>
          </params>
          <reporter-output>
          </reporter-output>
        </test-method> <!-- runScenario -->
        <test-method signature="runScenario(io.cucumber.testng.PickleEventWrapper, io.cucumber.testng.CucumberFeatureWrapper)[pri:0, instance:StepDefs.RunCukesTest@2c29812c]" started-at="2025-05-30T18:34:06 IST" name="runScenario" description="Runs Cucumber Scenarios" data-provider="scenarios" finished-at="2025-05-30T18:34:20 IST" duration-ms="13632" status="PASS">
          <params>
            <param index="0">
              <value>
                <![CDATA["Verify UpdateResume Headline Take screenshot And Update Account"]]>
              </value>
            </param>
            <param index="1">
              <value>
                <![CDATA["Verify Update Naukri Application"]]>
              </value>
            </param>
          </params>
          <reporter-output>
          </reporter-output>
        </test-method> <!-- runScenario -->
        <test-method signature="runScenario(io.cucumber.testng.PickleEventWrapper, io.cucumber.testng.CucumberFeatureWrapper)[pri:0, instance:StepDefs.RunCukesTest@2c29812c]" started-at="2025-05-30T18:34:20 IST" name="runScenario" description="Runs Cucumber Scenarios" data-provider="scenarios" finished-at="2025-05-30T18:34:32 IST" duration-ms="12409" status="PASS">
          <params>
            <param index="0">
              <value>
                <![CDATA["Verify Employment Experience And Update Account"]]>
              </value>
            </param>
            <param index="1">
              <value>
                <![CDATA["Verify Update Naukri Application"]]>
              </value>
            </param>
          </params>
          <reporter-output>
          </reporter-output>
        </test-method> <!-- runScenario -->
        <test-method is-config="true" signature="tearDownClass()[pri:0, instance:StepDefs.RunCukesTest@2c29812c]" started-at="2025-05-30T18:34:32 IST" name="tearDownClass" finished-at="2025-05-30T18:34:33 IST" duration-ms="1002" status="PASS">
          <reporter-output>
          </reporter-output>
        </test-method> <!-- tearDownClass -->
      </class> <!-- StepDefs.RunCukesTest -->
    </test> <!-- unified-parallel-via-backend -->
  </suite> <!-- unified-admin-suite -->
</testng-results>
