<?xml version="1.0" encoding="UTF-8"?>
<testng-results ignored="0" total="4" passed="4" failed="0" skipped="0">
  <reporter-output>
  </reporter-output>
  <suite started-at="2025-05-31T03:02:53 IST" name="unified-admin-suite" finished-at="2025-05-31T03:03:44 IST" duration-ms="50572">
    <groups>
      <group name="cucumber">
        <method signature="AbstractTestNGCucumberTests.runScenario(io.cucumber.testng.PickleEventWrapper, io.cucumber.testng.CucumberFeatureWrapper)[pri:0, instance:StepDefs.RunCukesTest@335b2aa3]" name="runScenario" class="io.cucumber.testng.AbstractTestNGCucumberTests"/>
      </group> <!-- cucumber -->
    </groups>
    <test started-at="2025-05-31T03:02:53 IST" name="unified-parallel-via-backend" finished-at="2025-05-31T03:03:44 IST" duration-ms="50572">
      <class name="StepDefs.RunCukesTest">
        <test-method is-config="true" signature="preset()[pri:0, instance:StepDefs.RunCukesTest@335b2aa3]" started-at="2025-05-31T03:02:53 IST" name="preset" finished-at="2025-05-31T03:02:53 IST" duration-ms="0" status="PASS">
          <reporter-output>
          </reporter-output>
        </test-method> <!-- preset -->
        <test-method is-config="true" signature="setUpClass()[pri:0, instance:StepDefs.RunCukesTest@335b2aa3]" started-at="2025-05-31T03:02:53 IST" name="setUpClass" finished-at="2025-05-31T03:02:53 IST" duration-ms="0" status="PASS">
          <reporter-output>
          </reporter-output>
        </test-method> <!-- setUpClass -->
        <test-method signature="runScenario(io.cucumber.testng.PickleEventWrapper, io.cucumber.testng.CucumberFeatureWrapper)[pri:0, instance:StepDefs.RunCukesTest@335b2aa3]" started-at="2025-05-31T03:02:53 IST" name="runScenario" description="Runs Cucumber Scenarios" data-provider="scenarios" finished-at="2025-05-31T03:03:08 IST" duration-ms="14476" status="PASS">
          <params>
            <param index="0">
              <value>
                <![CDATA["Verify upload resume and Update Account"]]>
              </value>
            </param>
            <param index="1">
              <value>
                <![CDATA["Verify Update Naukri Application"]]>
              </value>
            </param>
          </params>
          <reporter-output>
          </reporter-output>
        </test-method> <!-- runScenario -->
        <test-method signature="runScenario(io.cucumber.testng.PickleEventWrapper, io.cucumber.testng.CucumberFeatureWrapper)[pri:0, instance:StepDefs.RunCukesTest@335b2aa3]" started-at="2025-05-31T03:03:08 IST" name="runScenario" description="Runs Cucumber Scenarios" data-provider="scenarios" finished-at="2025-05-31T03:03:20 IST" duration-ms="12686" status="PASS">
          <params>
            <param index="0">
              <value>
                <![CDATA["Verify UpdateResume Headline And Update Account"]]>
              </value>
            </param>
            <param index="1">
              <value>
                <![CDATA["Verify Update Naukri Application"]]>
              </value>
            </param>
          </params>
          <reporter-output>
          </reporter-output>
        </test-method> <!-- runScenario -->
        <test-method signature="runScenario(io.cucumber.testng.PickleEventWrapper, io.cucumber.testng.CucumberFeatureWrapper)[pri:0, instance:StepDefs.RunCukesTest@335b2aa3]" started-at="2025-05-31T03:03:20 IST" name="runScenario" description="Runs Cucumber Scenarios" data-provider="scenarios" finished-at="2025-05-31T03:03:31 IST" duration-ms="10571" status="PASS">
          <params>
            <param index="0">
              <value>
                <![CDATA["Verify UpdateResume Headline Take screenshot And Update Account"]]>
              </value>
            </param>
            <param index="1">
              <value>
                <![CDATA["Verify Update Naukri Application"]]>
              </value>
            </param>
          </params>
          <reporter-output>
          </reporter-output>
        </test-method> <!-- runScenario -->
        <test-method signature="runScenario(io.cucumber.testng.PickleEventWrapper, io.cucumber.testng.CucumberFeatureWrapper)[pri:0, instance:StepDefs.RunCukesTest@335b2aa3]" started-at="2025-05-31T03:03:31 IST" name="runScenario" description="Runs Cucumber Scenarios" data-provider="scenarios" finished-at="2025-05-31T03:03:43 IST" duration-ms="12356" status="PASS">
          <params>
            <param index="0">
              <value>
                <![CDATA["Verify Employment Experience And Update Account"]]>
              </value>
            </param>
            <param index="1">
              <value>
                <![CDATA["Verify Update Naukri Application"]]>
              </value>
            </param>
          </params>
          <reporter-output>
          </reporter-output>
        </test-method> <!-- runScenario -->
        <test-method is-config="true" signature="tearDownClass()[pri:0, instance:StepDefs.RunCukesTest@335b2aa3]" started-at="2025-05-31T03:03:43 IST" name="tearDownClass" finished-at="2025-05-31T03:03:44 IST" duration-ms="453" status="PASS">
          <reporter-output>
          </reporter-output>
        </test-method> <!-- tearDownClass -->
      </class> <!-- StepDefs.RunCukesTest -->
    </test> <!-- unified-parallel-via-backend -->
  </suite> <!-- unified-admin-suite -->
</testng-results>
