<?xml version="1.0" encoding="UTF-8"?>
<testng-results ignored="0" total="4" passed="3" failed="1" skipped="0">
  <reporter-output>
  </reporter-output>
  <suite started-at="2025-06-10T15:00:00 IST" name="unified-admin-suite" finished-at="2025-06-10T15:01:03 IST" duration-ms="63412">
    <groups>
      <group name="cucumber">
        <method signature="AbstractTestNGCucumberTests.runScenario(io.cucumber.testng.PickleEventWrapper, io.cucumber.testng.CucumberFeatureWrapper)[pri:0, instance:StepDefs.RunCukesTest@7cc3a7ba]" name="runScenario" class="io.cucumber.testng.AbstractTestNGCucumberTests"/>
      </group> <!-- cucumber -->
    </groups>
    <test started-at="2025-06-10T15:00:00 IST" name="unified-parallel-via-backend" finished-at="2025-06-10T15:01:03 IST" duration-ms="63412">
      <class name="StepDefs.RunCukesTest">
        <test-method is-config="true" signature="setUpClass()[pri:0, instance:StepDefs.RunCukesTest@7cc3a7ba]" started-at="2025-06-10T15:00:00 IST" name="setUpClass" finished-at="2025-06-10T15:00:01 IST" duration-ms="828" status="PASS">
          <reporter-output>
          </reporter-output>
        </test-method> <!-- setUpClass -->
        <test-method is-config="true" signature="preset()[pri:0, instance:StepDefs.RunCukesTest@7cc3a7ba]" started-at="2025-06-10T15:00:01 IST" name="preset" finished-at="2025-06-10T15:00:01 IST" duration-ms="16" status="PASS">
          <reporter-output>
          </reporter-output>
        </test-method> <!-- preset -->
        <test-method signature="runScenario(io.cucumber.testng.PickleEventWrapper, io.cucumber.testng.CucumberFeatureWrapper)[pri:0, instance:StepDefs.RunCukesTest@7cc3a7ba]" started-at="2025-06-10T15:00:01 IST" name="runScenario" description="Runs Cucumber Scenarios" data-provider="scenarios" finished-at="2025-06-10T15:00:19 IST" duration-ms="17637" status="PASS">
          <params>
            <param index="0">
              <value>
                <![CDATA["Verify upload resume and Update Account"]]>
              </value>
            </param>
            <param index="1">
              <value>
                <![CDATA["Verify Update Naukri Application"]]>
              </value>
            </param>
          </params>
          <reporter-output>
          </reporter-output>
        </test-method> <!-- runScenario -->
        <test-method signature="runScenario(io.cucumber.testng.PickleEventWrapper, io.cucumber.testng.CucumberFeatureWrapper)[pri:0, instance:StepDefs.RunCukesTest@7cc3a7ba]" started-at="2025-06-10T15:00:19 IST" name="runScenario" description="Runs Cucumber Scenarios" data-provider="scenarios" finished-at="2025-06-10T15:00:35 IST" duration-ms="15943" status="PASS">
          <params>
            <param index="0">
              <value>
                <![CDATA["Verify UpdateResume Headline And Update Account"]]>
              </value>
            </param>
            <param index="1">
              <value>
                <![CDATA["Verify Update Naukri Application"]]>
              </value>
            </param>
          </params>
          <reporter-output>
          </reporter-output>
        </test-method> <!-- runScenario -->
        <test-method signature="runScenario(io.cucumber.testng.PickleEventWrapper, io.cucumber.testng.CucumberFeatureWrapper)[pri:0, instance:StepDefs.RunCukesTest@7cc3a7ba]" started-at="2025-06-10T15:00:35 IST" name="runScenario" description="Runs Cucumber Scenarios" data-provider="scenarios" finished-at="2025-06-10T15:00:48 IST" duration-ms="13286" status="PASS">
          <params>
            <param index="0">
              <value>
                <![CDATA["Verify UpdateResume Headline Take screenshot And Update Account"]]>
              </value>
            </param>
            <param index="1">
              <value>
                <![CDATA["Verify Update Naukri Application"]]>
              </value>
            </param>
          </params>
          <reporter-output>
          </reporter-output>
        </test-method> <!-- runScenario -->
        <test-method signature="runScenario(io.cucumber.testng.PickleEventWrapper, io.cucumber.testng.CucumberFeatureWrapper)[pri:0, instance:StepDefs.RunCukesTest@7cc3a7ba]" started-at="2025-06-10T15:00:48 IST" name="runScenario" description="Runs Cucumber Scenarios" data-provider="scenarios" finished-at="2025-06-10T15:01:02 IST" duration-ms="14094" status="FAIL">
          <params>
            <param index="0">
              <value>
                <![CDATA["Verify Employment Experience And Update Account"]]>
              </value>
            </param>
            <param index="1">
              <value>
                <![CDATA["Verify Update Naukri Application"]]>
              </value>
            </param>
          </params>
          <exception class="org.openqa.selenium.StaleElementReferenceException">
            <message>
              <![CDATA[stale element reference: stale element not found in the current frame
  (Session info: chrome=137.0.7151.69)
For documentation on this error, please visit: https://www.selenium.dev/documentation/webdriver/troubleshooting/errors#stale-element-reference-exception
Build info: version: '4.21.0', revision: '79ed462ef4'
System info: os.name: 'Windows 10', os.arch: 'amd64', os.version: '10.0', java.version: '17.0.1'
Driver info: org.openqa.selenium.chrome.ChromeDriver
Command: [ebaa40cd6bc139f9e1197ee1b973dd40, clickElement {id=f.2382EC8D0C1AE9D27492D5208FEBE1B8.d.F4D91232E566A2B3D78A8DE9058D95D4.e.162}]
Capabilities {acceptInsecureCerts: false, browserName: chrome, browserVersion: 137.0.7151.69, chrome: {chromedriverVersion: 137.0.7151.68 (2989ffee9373..., userDataDir: C:\Users\Sujith\AppData\Loc...}, fedcm:accounts: true, goog:chromeOptions: {debuggerAddress: localhost:55505}, networkConnectionEnabled: false, pageLoadStrategy: normal, platformName: windows, proxy: Proxy(), se:cdp: ws://localhost:55505/devtoo..., se:cdpVersion: 137.0.7151.69, setWindowRect: true, strictFileInteractability: false, timeouts: {implicit: 0, pageLoad: 300000, script: 30000}, unhandledPromptBehavior: dismiss and notify, webauthn:extension:credBlob: true, webauthn:extension:largeBlob: true, webauthn:extension:minPinLength: true, webauthn:extension:prf: true, webauthn:virtualAuthenticators: true}
Element: [[ChromeDriver: chrome on windows (ebaa40cd6bc139f9e1197ee1b973dd40)] -> xpath: //span[normalize-space()='Total experience']]
Session ID: ebaa40cd6bc139f9e1197ee1b973dd40]]>
            </message>
            <full-stacktrace>
              <![CDATA[org.openqa.selenium.StaleElementReferenceException: stale element reference: stale element not found in the current frame
  (Session info: chrome=137.0.7151.69)
For documentation on this error, please visit: https://www.selenium.dev/documentation/webdriver/troubleshooting/errors#stale-element-reference-exception
Build info: version: '4.21.0', revision: '79ed462ef4'
System info: os.name: 'Windows 10', os.arch: 'amd64', os.version: '10.0', java.version: '17.0.1'
Driver info: org.openqa.selenium.chrome.ChromeDriver
Command: [ebaa40cd6bc139f9e1197ee1b973dd40, clickElement {id=f.2382EC8D0C1AE9D27492D5208FEBE1B8.d.F4D91232E566A2B3D78A8DE9058D95D4.e.162}]
Capabilities {acceptInsecureCerts: false, browserName: chrome, browserVersion: 137.0.7151.69, chrome: {chromedriverVersion: 137.0.7151.68 (2989ffee9373..., userDataDir: C:\Users\Sujith\AppData\Loc...}, fedcm:accounts: true, goog:chromeOptions: {debuggerAddress: localhost:55505}, networkConnectionEnabled: false, pageLoadStrategy: normal, platformName: windows, proxy: Proxy(), se:cdp: ws://localhost:55505/devtoo..., se:cdpVersion: 137.0.7151.69, setWindowRect: true, strictFileInteractability: false, timeouts: {implicit: 0, pageLoad: 300000, script: 30000}, unhandledPromptBehavior: dismiss and notify, webauthn:extension:credBlob: true, webauthn:extension:largeBlob: true, webauthn:extension:minPinLength: true, webauthn:extension:prf: true, webauthn:virtualAuthenticators: true}
Element: [[ChromeDriver: chrome on windows (ebaa40cd6bc139f9e1197ee1b973dd40)] -> xpath: //span[normalize-space()='Total experience']]
Session ID: ebaa40cd6bc139f9e1197ee1b973dd40
at java.base/jdk.internal.reflect.NativeConstructorAccessorImpl.newInstance0(Native Method)
at java.base/jdk.internal.reflect.NativeConstructorAccessorImpl.newInstance(NativeConstructorAccessorImpl.java:77)
at java.base/jdk.internal.reflect.DelegatingConstructorAccessorImpl.newInstance(DelegatingConstructorAccessorImpl.java:45)
at java.base/java.lang.reflect.Constructor.newInstanceWithCaller(Constructor.java:499)
at java.base/java.lang.reflect.Constructor.newInstance(Constructor.java:480)
at org.openqa.selenium.remote.ErrorCodec.decode(ErrorCodec.java:167)
at org.openqa.selenium.remote.codec.w3c.W3CHttpResponseCodec.decode(W3CHttpResponseCodec.java:138)
at org.openqa.selenium.remote.codec.w3c.W3CHttpResponseCodec.decode(W3CHttpResponseCodec.java:50)
at org.openqa.selenium.remote.HttpCommandExecutor.execute(HttpCommandExecutor.java:190)
at org.openqa.selenium.remote.service.DriverCommandExecutor.invokeExecute(DriverCommandExecutor.java:216)
at org.openqa.selenium.remote.service.DriverCommandExecutor.execute(DriverCommandExecutor.java:174)
at org.openqa.selenium.remote.RemoteWebDriver.execute(RemoteWebDriver.java:518)
at org.openqa.selenium.remote.RemoteWebElement.execute(RemoteWebElement.java:223)
at org.openqa.selenium.remote.RemoteWebElement.click(RemoteWebElement.java:76)
at StepDefs.services.CreateAccountSteps.iScrollPageDownAndUpdateTotalExperience(CreateAccountSteps.java:202)
at ✽.I Scroll Page Down and Update Total experience(file:src/test/java/features/services/Naukri/UpdateAccount.feature:40)
]]>
            </full-stacktrace>
          </exception> <!-- org.openqa.selenium.StaleElementReferenceException -->
          <reporter-output>
          </reporter-output>
        </test-method> <!-- runScenario -->
        <test-method is-config="true" signature="tearDownClass()[pri:0, instance:StepDefs.RunCukesTest@7cc3a7ba]" started-at="2025-06-10T15:01:02 IST" name="tearDownClass" finished-at="2025-06-10T15:01:03 IST" duration-ms="1312" status="PASS">
          <reporter-output>
          </reporter-output>
        </test-method> <!-- tearDownClass -->
      </class> <!-- StepDefs.RunCukesTest -->
    </test> <!-- unified-parallel-via-backend -->
  </suite> <!-- unified-admin-suite -->
</testng-results>
