<?xml version="1.0" encoding="UTF-8"?>
<!-- Generated by org.testng.reporters.JUnitReportReporter -->
<testsuite hostname="SUJITH-PERSONAL" failures="0" tests="4" name="StepDefs.RunCukesTest" time="62.375" errors="1" timestamp="2025-05-20T19:30:21 IST" skipped="0">
  <testcase classname="StepDefs.RunCukesTest" name="runScenario" time="16.712"/>
  <system-out/>
  <testcase classname="StepDefs.RunCukesTest" name="runScenario" time="13.713"/>
  <system-out/>
  <testcase classname="StepDefs.RunCukesTest" name="runScenario" time="13.088"/>
  <system-out/>
  <testcase classname="StepDefs.RunCukesTest" name="runScenario" time="18.862">
    <error message="element click intercepted: Element &lt;img alt=&quot;naukri user profile img&quot; class=&quot;nI-gNb-icon-img&quot; src=&quot;https://media.naukri.com/media/jphotov1/l244%253ALukcMT663AMdH7CxGUUCbZ4ywn4pbMU6g1s37Wf7BpZo6ntiS5lwIR2ko4s%253D&quot;&gt; is not clickable at point (1209, 37). Other element would receive the click: &lt;div class=&quot;ltLayer open&quot; style=&quot;z-index: 1002;&quot;&gt;&lt;/div&gt;
  (Session info: chrome=136.0.7103.114)
Build info: version: &#039;4.21.0&#039;, revision: &#039;79ed462ef4&#039;
System info: os.name: &#039;Windows 10&#039;, os.arch: &#039;amd64&#039;, os.version: &#039;10.0&#039;, java.version: &#039;17.0.1&#039;
Driver info: org.openqa.selenium.chrome.ChromeDriver
Command: [93618dc6456bc398f74dd2befee0845d, clickElement {id=f.84D1DDFCB81F6A0BA24ACD1593BE7D3D.d.3376A67432F7487DB07D0AE55ED4F8A3.e.167}]
Capabilities {acceptInsecureCerts: false, browserName: chrome, browserVersion: 136.0.7103.114, chrome: {chromedriverVersion: 136.0.7103.94 (fa0be0b33deb..., userDataDir: C:\Users\Sujith\AppData\Loc...}, fedcm:accounts: true, goog:chromeOptions: {debuggerAddress: localhost:56324}, networkConnectionEnabled: false, pageLoadStrategy: normal, platformName: windows, proxy: Proxy(), se:cdp: ws://localhost:56324/devtoo..., se:cdpVersion: 136.0.7103.114, setWindowRect: true, strictFileInteractability: false, timeouts: {implicit: 0, pageLoad: 300000, script: 30000}, unhandledPromptBehavior: dismiss and notify, webauthn:extension:credBlob: true, webauthn:extension:largeBlob: true, webauthn:extension:minPinLength: true, webauthn:extension:prf: true, webauthn:virtualAuthenticators: true}
Element: [[ChromeDriver: chrome on windows (93618dc6456bc398f74dd2befee0845d)] -&gt; xpath: //img[@alt=&#039;naukri user profile img&#039;]]
Session ID: 93618dc6456bc398f74dd2befee0845d" type="org.openqa.selenium.ElementClickInterceptedException">
      <![CDATA[org.openqa.selenium.ElementClickInterceptedException: element click intercepted: Element <img alt="naukri user profile img" class="nI-gNb-icon-img" src="https://media.naukri.com/media/jphotov1/l244%253ALukcMT663AMdH7CxGUUCbZ4ywn4pbMU6g1s37Wf7BpZo6ntiS5lwIR2ko4s%253D"> is not clickable at point (1209, 37). Other element would receive the click: <div class="ltLayer open" style="z-index: 1002;"></div>
  (Session info: chrome=136.0.7103.114)
Build info: version: '4.21.0', revision: '79ed462ef4'
System info: os.name: 'Windows 10', os.arch: 'amd64', os.version: '10.0', java.version: '17.0.1'
Driver info: org.openqa.selenium.chrome.ChromeDriver
Command: [93618dc6456bc398f74dd2befee0845d, clickElement {id=f.84D1DDFCB81F6A0BA24ACD1593BE7D3D.d.3376A67432F7487DB07D0AE55ED4F8A3.e.167}]
Capabilities {acceptInsecureCerts: false, browserName: chrome, browserVersion: 136.0.7103.114, chrome: {chromedriverVersion: 136.0.7103.94 (fa0be0b33deb..., userDataDir: C:\Users\Sujith\AppData\Loc...}, fedcm:accounts: true, goog:chromeOptions: {debuggerAddress: localhost:56324}, networkConnectionEnabled: false, pageLoadStrategy: normal, platformName: windows, proxy: Proxy(), se:cdp: ws://localhost:56324/devtoo..., se:cdpVersion: 136.0.7103.114, setWindowRect: true, strictFileInteractability: false, timeouts: {implicit: 0, pageLoad: 300000, script: 30000}, unhandledPromptBehavior: dismiss and notify, webauthn:extension:credBlob: true, webauthn:extension:largeBlob: true, webauthn:extension:minPinLength: true, webauthn:extension:prf: true, webauthn:virtualAuthenticators: true}
Element: [[ChromeDriver: chrome on windows (93618dc6456bc398f74dd2befee0845d)] -> xpath: //img[@alt='naukri user profile img']]
Session ID: 93618dc6456bc398f74dd2befee0845d
at jdk.internal.reflect.GeneratedConstructorAccessor59.newInstance(Unknown Source)
at java.base/jdk.internal.reflect.DelegatingConstructorAccessorImpl.newInstance(DelegatingConstructorAccessorImpl.java:45)
at java.base/java.lang.reflect.Constructor.newInstanceWithCaller(Constructor.java:499)
at java.base/java.lang.reflect.Constructor.newInstance(Constructor.java:480)
at org.openqa.selenium.remote.ErrorCodec.decode(ErrorCodec.java:167)
at org.openqa.selenium.remote.codec.w3c.W3CHttpResponseCodec.decode(W3CHttpResponseCodec.java:138)
at org.openqa.selenium.remote.codec.w3c.W3CHttpResponseCodec.decode(W3CHttpResponseCodec.java:50)
at org.openqa.selenium.remote.HttpCommandExecutor.execute(HttpCommandExecutor.java:190)
at org.openqa.selenium.remote.service.DriverCommandExecutor.invokeExecute(DriverCommandExecutor.java:216)
at org.openqa.selenium.remote.service.DriverCommandExecutor.execute(DriverCommandExecutor.java:174)
at org.openqa.selenium.remote.RemoteWebDriver.execute(RemoteWebDriver.java:518)
at org.openqa.selenium.remote.RemoteWebElement.execute(RemoteWebElement.java:223)
at org.openqa.selenium.remote.RemoteWebElement.click(RemoteWebElement.java:76)
at Pages.LogoutPage.userprofile(LogoutPage.java:21)
at StepDefs.services.CreateAccountSteps.shouldSeeAccountCreatedSuccessfully(CreateAccountSteps.java:69)
at ✽.should Logout Profile successfully(file:src/test/java/features/services/Naukri/UpdateAccount.feature:41)
]]>
    </error>
  </testcase> <!-- runScenario -->
  <system-out/>
</testsuite> <!-- StepDefs.RunCukesTest -->
